<?xml version="1.0" encoding="utf-8"?><testsuites name="pytest tests"><testsuite name="pytest" errors="0" failures="0" skipped="0" tests="17" time="11.872" timestamp="2026-03-16T00:42:29.781938+00:00" hostname="agent-env-d0967036-08b9-4aef-88ed-d7add5cca4e9"><testcase classname="tests.test_claim_processing.TestUserAuthentication" name="test_login_valid_credentials" time="0.386" /><testcase classname="tests.test_claim_processing.TestUserAuthentication" name="test_login_invalid_credentials" time="0.124" /><testcase classname="tests.test_claim_processing.TestClaimSessionManagement" name="test_create_new_session" time="0.473" /><testcase classname="tests.test_claim_processing.TestClaimSessionManagement" name="test_get_all_sessions" time="0.401" /><testcase classname="tests.test_claim_processing.TestClaimSessionManagement" name="test_get_session_details" time="0.434" /><testcase classname="tests.test_claim_processing.TestClaimSessionManagement" name="test_get_nonexistent_session" time="0.390" /><testcase classname="tests.test_claim_processing.TestChatAndCodeExtraction" name="test_send_chat_message_text_only" time="3.870" /><testcase classname="tests.test_claim_processing.TestChatAndCodeExtraction" name="test_verify_codes_persisted_after_chat" time="1.954" /><testcase classname="tests.test_claim_processing.TestCodeManagement" name="test_update_codes_add_new" time="0.495" /><testcase classname="tests.test_claim_processing.TestCodeManagement" name="test_update_codes_remove" time="0.508" /><testcase classname="tests.test_claim_processing.TestICD10Search" name="test_search_by_code" time="0.433" /><testcase classname="tests.test_claim_processing.TestICD10Search" name="test_search_by_description" time="0.400" /><testcase classname="tests.test_claim_processing.TestICD10Search" name="test_search_short_query" time="0.401" /><testcase classname="tests.test_claim_processing.TestExcelExport" name="test_export_codes_to_excel" time="0.769" /><testcase classname="tests.test_claim_processing.TestExcelExport" name="test_export_empty_session" time="0.521" /><testcase classname="tests.test_claim_processing.TestAuthorizationErrors" name="test_session_without_auth" time="0.133" /><testcase classname="tests.test_claim_processing.TestAuthorizationErrors" name="test_create_session_without_auth" time="0.124" /></testsuite></testsuites>