<?xml version="1.0" encoding="utf-8"?><testsuites name="pytest tests"><testsuite name="pytest" errors="0" failures="0" skipped="0" tests="9" time="50.572" timestamp="2026-03-03T05:05:26.799308+00:00" hostname="agent-env-9006dcb0-82b7-4b1e-bb53-c34a7a5daef9"><testcase classname="backend.tests.test_campaigns.TestCampaignAPI" name="test_get_campaigns_unauthenticated" time="0.185" /><testcase classname="backend.tests.test_campaigns.TestCampaignAPI" name="test_get_campaigns_authenticated" time="4.464" /><testcase classname="backend.tests.test_campaigns.TestCampaignAPI" name="test_create_campaign" time="6.512" /><testcase classname="backend.tests.test_campaigns.TestCampaignAPI" name="test_get_campaign_details" time="6.541" /><testcase classname="backend.tests.test_campaigns.TestCampaignAPI" name="test_get_campaign_not_found" time="4.449" /><testcase classname="backend.tests.test_campaigns.TestCampaignAPI" name="test_create_opportunity" time="8.594" /><testcase classname="backend.tests.test_campaigns.TestCampaignAPI" name="test_update_opportunity_stage" time="10.668" /><testcase classname="backend.tests.test_campaigns.TestCampaignAPI" name="test_update_opportunity_invalid_stage" time="6.590" /><testcase classname="backend.tests.test_campaigns.TestAdminProtection" name="test_admin_cannot_access_campaigns" time="2.534" /></testsuite></testsuites>